<?xml version="1.0" encoding="UTF-8"?>
<!-- Generated by org.testng.reporters.JUnitReportReporter -->
<testsuite hostname="DESKTOP-0987DAC" failures="0" tests="2" name="com.test.invocationcountdemo" time="30.647" errors="0" timestamp="2025-05-07T06:41:20 IST" skipped="0">
  <testcase classname="com.test.invocationcountdemo" name="loginToApplication" time="14.881"/>
  <testcase classname="com.test.invocationcountdemo" name="loginToApplication" time="15.766"/>
</testsuite> <!-- com.test.invocationcountdemo -->
