<?xml version="1.0" encoding="UTF-8"?>
<!-- Generated by org.testng.reporters.JUnitReportReporter -->
<testsuite hostname="DESKTOP-0987DAC" failures="0" tests="1" name="com.test.signup" time="0.006" errors="0" timestamp="2025-05-10T14:09:40 IST" skipped="0">
  <testcase classname="com.test.signup" name="createaccount" time="0.006"/>
</testsuite> <!-- com.test.signup -->
