<?xml version="1.0" encoding="UTF-8"?>
<!-- Generated by org.testng.reporters.JUnitReportReporter -->
<testsuite hostname="DESKTOP-0987DAC" failures="0" tests="1" name="com.test.syntax" time="19.678" errors="0" timestamp="2025-05-05T23:00:16 IST" skipped="0">
  <testcase classname="com.test.syntax" name="launchGooglePage" time="19.678"/>
</testsuite> <!-- com.test.syntax -->
