<?xml version="1.0" encoding="UTF-8"?>
<!-- Generated by org.testng.reporters.JUnitReportReporter -->
<testsuite hostname="DESKTOP-0987DAC" failures="0" tests="2" name="com.test.Orangehrmtestdependency" time="20.658" errors="0" timestamp="2025-05-10T18:29:17 IST" skipped="0">
  <testcase classname="com.test.Orangehrmtestdependency" name="loginToApplication" time="18.903"/>
  <testcase classname="com.test.Orangehrmtestdependency" name="logout" time="1.755"/>
</testsuite> <!-- com.test.Orangehrmtestdependency -->
