<?xml version="1.0" encoding="UTF-8"?>
<!-- Generated by org.testng.reporters.JUnitReportReporter -->
<testsuite hostname="DESKTOP-0987DAC" failures="0" tests="2" name="com.test.groupdemo" time="0.035" errors="0" timestamp="2025-05-10T14:09:40 IST" skipped="0">
  <testcase classname="com.test.groupdemo" name="resetPassword_2" time="0.008"/>
  <testcase classname="com.test.groupdemo" name="login_1" time="0.027"/>
</testsuite> <!-- com.test.groupdemo -->
