<?xml version="1.0" encoding="UTF-8"?>
<!-- Generated by org.testng.reporters.JUnitReportReporter -->
<testsuite hostname="DESKTOP-0987DAC" failures="0" tests="1" name="com.hrm.test.homepagetest" time="2.867" errors="0" timestamp="2025-05-15T20:42:47 IST" skipped="0">
  <testcase classname="com.hrm.test.homepagetest" name="logout" time="2.867"/>
</testsuite> <!-- com.hrm.test.homepagetest -->
