<?xml version="1.0" encoding="UTF-8"?>
<!-- Generated by org.testng.reporters.JUnitReportReporter -->
<testsuite hostname="DESKTOP-0987DAC" failures="0" tests="1" name="com.test.Orangehrmtest" time="19.507" errors="0" timestamp="2025-05-07T07:15:50 IST" skipped="0">
  <testcase classname="com.test.Orangehrmtest" name="loginToApplication" time="19.507"/>
</testsuite> <!-- com.test.Orangehrmtest -->
