<?xml version="1.0" encoding="UTF-8"?>
<!-- Generated by org.testng.reporters.JUnitReportReporter -->
<testsuite hostname="DESKTOP-0987DAC" failures="0" tests="2" name="com.test.dependsdemo" time="0.042" errors="0" timestamp="2025-05-10T18:14:15 IST" skipped="0">
  <testcase classname="com.test.dependsdemo" name="approveleave" time="0.004"/>
  <testcase classname="com.test.dependsdemo" name="applyleave" time="0.038"/>
</testsuite> <!-- com.test.dependsdemo -->
