<?xml version="1.0" encoding="UTF-8"?>
<!-- Generated by org.testng.reporters.JUnitReportReporter -->
<testsuite hostname="DESKTOP-0987DAC" failures="0" tests="4" name="com.test.prioritydemo" time="0.030" errors="0" timestamp="2025-05-06T07:09:24 IST" skipped="0">
  <testcase classname="com.test.prioritydemo" name="c" time="0.017"/>
  <testcase classname="com.test.prioritydemo" name="a" time="0.004"/>
  <testcase classname="com.test.prioritydemo" name="d" time="0.004"/>
  <testcase classname="com.test.prioritydemo" name="b" time="0.005"/>
</testsuite> <!-- com.test.prioritydemo -->
